[2022-07-27 15:07:43,994] {taskinstance.py:1179} INFO - Dependencies all met for <TaskInstance: dag.training_model_A manual__2022-07-27T14:58:04.465454+00:00 [queued]>
[2022-07-27 15:07:44,031] {taskinstance.py:1179} INFO - Dependencies all met for <TaskInstance: dag.training_model_A manual__2022-07-27T14:58:04.465454+00:00 [queued]>
[2022-07-27 15:07:44,032] {taskinstance.py:1376} INFO - 
--------------------------------------------------------------------------------
[2022-07-27 15:07:44,032] {taskinstance.py:1377} INFO - Starting attempt 5 of 5
[2022-07-27 15:07:44,032] {taskinstance.py:1378} INFO - 
--------------------------------------------------------------------------------
[2022-07-27 15:07:44,088] {taskinstance.py:1397} INFO - Executing <Task(PythonOperator): training_model_A> on 2022-07-27 14:58:04.465454+00:00
[2022-07-27 15:07:44,102] {standard_task_runner.py:52} INFO - Started process 1647 to run task
[2022-07-27 15:07:44,124] {standard_task_runner.py:79} INFO - Running: ['***', 'tasks', 'run', 'dag', 'training_model_A', 'manual__2022-07-27T14:58:04.465454+00:00', '--job-id', '52', '--raw', '--subdir', 'DAGS_FOLDER/dag.py', '--cfg-path', '/tmp/tmp2bgid7uh', '--error-file', '/tmp/tmphclnneqt']
[2022-07-27 15:07:44,125] {standard_task_runner.py:80} INFO - Job 52: Subtask training_model_A
[2022-07-27 15:07:44,456] {task_command.py:371} INFO - Running <TaskInstance: dag.training_model_A manual__2022-07-27T14:58:04.465454+00:00 [running]> on host c054a673cb8f
[2022-07-27 15:07:44,731] {taskinstance.py:1591} INFO - Exporting the following env vars:
AIRFLOW_CTX_DAG_OWNER=***
AIRFLOW_CTX_DAG_ID=dag
AIRFLOW_CTX_TASK_ID=training_model_A
AIRFLOW_CTX_EXECUTION_DATE=2022-07-27T14:58:04.465454+00:00
AIRFLOW_CTX_TRY_NUMBER=5
AIRFLOW_CTX_DAG_RUN_ID=manual__2022-07-27T14:58:04.465454+00:00
[2022-07-27 15:07:44,734] {python.py:173} INFO - Done. Returned value was: 2
[2022-07-27 15:07:44,872] {taskinstance.py:1420} INFO - Marking task as SUCCESS. dag_id=dag, task_id=training_model_A, execution_date=20220727T145804, start_date=20220727T150743, end_date=20220727T150744
[2022-07-27 15:07:44,999] {local_task_job.py:156} INFO - Task exited with return code 0
[2022-07-27 15:07:45,233] {dagrun.py:1081} ERROR - Failed to get task '<TaskInstance: dag.training_model_a manual__2022-07-27T14:58:04.465454+00:00 [removed]>' for dag 'dag'. Marking it as removed.
[2022-07-27 15:07:45,235] {dagrun.py:1081} ERROR - Failed to get task '<TaskInstance: dag.training_model_b manual__2022-07-27T14:58:04.465454+00:00 [removed]>' for dag 'dag'. Marking it as removed.
[2022-07-27 15:07:45,237] {dagrun.py:1081} ERROR - Failed to get task '<TaskInstance: dag.training_model_c manual__2022-07-27T14:58:04.465454+00:00 [removed]>' for dag 'dag'. Marking it as removed.
[2022-07-27 15:07:45,277] {local_task_job.py:273} INFO - 0 downstream tasks scheduled from follow-on schedule check
