[2022-07-27 14:58:06,391] {taskinstance.py:1179} INFO - Dependencies all met for <TaskInstance: dag.training_model_a manual__2022-07-27T14:58:04.465454+00:00 [queued]>
[2022-07-27 14:58:06,432] {taskinstance.py:1179} INFO - Dependencies all met for <TaskInstance: dag.training_model_a manual__2022-07-27T14:58:04.465454+00:00 [queued]>
[2022-07-27 14:58:06,432] {taskinstance.py:1376} INFO - 
--------------------------------------------------------------------------------
[2022-07-27 14:58:06,432] {taskinstance.py:1377} INFO - Starting attempt 1 of 1
[2022-07-27 14:58:06,432] {taskinstance.py:1378} INFO - 
--------------------------------------------------------------------------------
[2022-07-27 14:58:06,471] {taskinstance.py:1397} INFO - Executing <Task(PythonOperator): training_model_a> on 2022-07-27 14:58:04.465454+00:00
[2022-07-27 14:58:06,480] {standard_task_runner.py:52} INFO - Started process 1168 to run task
[2022-07-27 14:58:06,489] {standard_task_runner.py:79} INFO - Running: ['***', 'tasks', 'run', 'dag', 'training_model_a', 'manual__2022-07-27T14:58:04.465454+00:00', '--job-id', '20', '--raw', '--subdir', 'DAGS_FOLDER/dag.py', '--cfg-path', '/tmp/tmp9xepa2_l', '--error-file', '/tmp/tmpxhubyext']
[2022-07-27 14:58:06,490] {standard_task_runner.py:80} INFO - Job 20: Subtask training_model_a
[2022-07-27 14:58:06,693] {task_command.py:371} INFO - Running <TaskInstance: dag.training_model_a manual__2022-07-27T14:58:04.465454+00:00 [running]> on host c054a673cb8f
[2022-07-27 14:58:06,973] {taskinstance.py:1591} INFO - Exporting the following env vars:
AIRFLOW_CTX_DAG_OWNER=***
AIRFLOW_CTX_DAG_ID=dag
AIRFLOW_CTX_TASK_ID=training_model_a
AIRFLOW_CTX_EXECUTION_DATE=2022-07-27T14:58:04.465454+00:00
AIRFLOW_CTX_TRY_NUMBER=1
AIRFLOW_CTX_DAG_RUN_ID=manual__2022-07-27T14:58:04.465454+00:00
[2022-07-27 14:58:06,974] {python.py:173} INFO - Done. Returned value was: 10
[2022-07-27 14:58:07,089] {taskinstance.py:1420} INFO - Marking task as SUCCESS. dag_id=dag, task_id=training_model_a, execution_date=20220727T145804, start_date=20220727T145806, end_date=20220727T145807
[2022-07-27 14:58:07,158] {local_task_job.py:156} INFO - Task exited with return code 0
[2022-07-27 14:58:07,355] {local_task_job.py:273} INFO - 0 downstream tasks scheduled from follow-on schedule check
