[2022-07-27 15:02:03,304] {taskinstance.py:1179} INFO - Dependencies all met for <TaskInstance: dag.training_model_A manual__2022-07-27T14:58:04.465454+00:00 [queued]>
[2022-07-27 15:02:03,340] {taskinstance.py:1179} INFO - Dependencies all met for <TaskInstance: dag.training_model_A manual__2022-07-27T14:58:04.465454+00:00 [queued]>
[2022-07-27 15:02:03,340] {taskinstance.py:1376} INFO - 
--------------------------------------------------------------------------------
[2022-07-27 15:02:03,340] {taskinstance.py:1377} INFO - Starting attempt 1 of 1
[2022-07-27 15:02:03,340] {taskinstance.py:1378} INFO - 
--------------------------------------------------------------------------------
[2022-07-27 15:02:03,377] {taskinstance.py:1397} INFO - Executing <Task(PythonOperator): training_model_A> on 2022-07-27 14:58:04.465454+00:00
[2022-07-27 15:02:03,389] {standard_task_runner.py:52} INFO - Started process 1360 to run task
[2022-07-27 15:02:03,401] {standard_task_runner.py:79} INFO - Running: ['***', 'tasks', 'run', 'dag', 'training_model_A', 'manual__2022-07-27T14:58:04.465454+00:00', '--job-id', '33', '--raw', '--subdir', 'DAGS_FOLDER/dag.py', '--cfg-path', '/tmp/tmp81lay8r1', '--error-file', '/tmp/tmphvgq_r3m']
[2022-07-27 15:02:03,401] {standard_task_runner.py:80} INFO - Job 33: Subtask training_model_A
[2022-07-27 15:02:03,696] {task_command.py:371} INFO - Running <TaskInstance: dag.training_model_A manual__2022-07-27T14:58:04.465454+00:00 [running]> on host c054a673cb8f
[2022-07-27 15:02:04,060] {taskinstance.py:1591} INFO - Exporting the following env vars:
AIRFLOW_CTX_DAG_OWNER=***
AIRFLOW_CTX_DAG_ID=dag
AIRFLOW_CTX_TASK_ID=training_model_A
AIRFLOW_CTX_EXECUTION_DATE=2022-07-27T14:58:04.465454+00:00
AIRFLOW_CTX_TRY_NUMBER=1
AIRFLOW_CTX_DAG_RUN_ID=manual__2022-07-27T14:58:04.465454+00:00
[2022-07-27 15:02:04,062] {python.py:173} INFO - Done. Returned value was: 7
[2022-07-27 15:02:04,216] {taskinstance.py:1420} INFO - Marking task as SUCCESS. dag_id=dag, task_id=training_model_A, execution_date=20220727T145804, start_date=20220727T150203, end_date=20220727T150204
[2022-07-27 15:02:04,299] {local_task_job.py:156} INFO - Task exited with return code 0
[2022-07-27 15:02:04,443] {dagrun.py:1081} ERROR - Failed to get task '<TaskInstance: dag.training_model_a manual__2022-07-27T14:58:04.465454+00:00 [removed]>' for dag 'dag'. Marking it as removed.
[2022-07-27 15:02:04,445] {dagrun.py:1081} ERROR - Failed to get task '<TaskInstance: dag.training_model_b manual__2022-07-27T14:58:04.465454+00:00 [removed]>' for dag 'dag'. Marking it as removed.
[2022-07-27 15:02:04,447] {dagrun.py:1081} ERROR - Failed to get task '<TaskInstance: dag.training_model_c manual__2022-07-27T14:58:04.465454+00:00 [removed]>' for dag 'dag'. Marking it as removed.
[2022-07-27 15:02:04,485] {local_task_job.py:273} INFO - 1 downstream tasks scheduled from follow-on schedule check
