[2022-07-27 15:08:02,435] {taskinstance.py:1179} INFO - Dependencies all met for <TaskInstance: dag.training_model_C manual__2022-07-27T14:46:37.154525+00:00 [queued]>
[2022-07-27 15:08:02,507] {taskinstance.py:1179} INFO - Dependencies all met for <TaskInstance: dag.training_model_C manual__2022-07-27T14:46:37.154525+00:00 [queued]>
[2022-07-27 15:08:02,507] {taskinstance.py:1376} INFO - 
--------------------------------------------------------------------------------
[2022-07-27 15:08:02,508] {taskinstance.py:1377} INFO - Starting attempt 1 of 1
[2022-07-27 15:08:02,508] {taskinstance.py:1378} INFO - 
--------------------------------------------------------------------------------
[2022-07-27 15:08:02,569] {taskinstance.py:1397} INFO - Executing <Task(PythonOperator): training_model_C> on 2022-07-27 14:46:37.154525+00:00
[2022-07-27 15:08:02,605] {standard_task_runner.py:52} INFO - Started process 1670 to run task
[2022-07-27 15:08:02,621] {standard_task_runner.py:79} INFO - Running: ['***', 'tasks', 'run', 'dag', 'training_model_C', 'manual__2022-07-27T14:46:37.154525+00:00', '--job-id', '56', '--raw', '--subdir', 'DAGS_FOLDER/dag.py', '--cfg-path', '/tmp/tmp4_l8duik', '--error-file', '/tmp/tmpzso46rqa']
[2022-07-27 15:08:02,622] {standard_task_runner.py:80} INFO - Job 56: Subtask training_model_C
[2022-07-27 15:08:03,108] {task_command.py:371} INFO - Running <TaskInstance: dag.training_model_C manual__2022-07-27T14:46:37.154525+00:00 [running]> on host c054a673cb8f
[2022-07-27 15:08:03,393] {taskinstance.py:1591} INFO - Exporting the following env vars:
AIRFLOW_CTX_DAG_OWNER=***
AIRFLOW_CTX_DAG_ID=dag
AIRFLOW_CTX_TASK_ID=training_model_C
AIRFLOW_CTX_EXECUTION_DATE=2022-07-27T14:46:37.154525+00:00
AIRFLOW_CTX_TRY_NUMBER=1
AIRFLOW_CTX_DAG_RUN_ID=manual__2022-07-27T14:46:37.154525+00:00
[2022-07-27 15:08:03,399] {python.py:173} INFO - Done. Returned value was: 10
[2022-07-27 15:08:03,552] {taskinstance.py:1420} INFO - Marking task as SUCCESS. dag_id=dag, task_id=training_model_C, execution_date=20220727T144637, start_date=20220727T150802, end_date=20220727T150803
[2022-07-27 15:08:03,624] {local_task_job.py:156} INFO - Task exited with return code 0
[2022-07-27 15:08:03,941] {dagrun.py:1081} ERROR - Failed to get task '<TaskInstance: dag.training_model_a manual__2022-07-27T14:46:37.154525+00:00 [removed]>' for dag 'dag'. Marking it as removed.
[2022-07-27 15:08:03,950] {dagrun.py:1081} ERROR - Failed to get task '<TaskInstance: dag.training_model_c manual__2022-07-27T14:46:37.154525+00:00 [removed]>' for dag 'dag'. Marking it as removed.
[2022-07-27 15:08:03,952] {dagrun.py:1081} ERROR - Failed to get task '<TaskInstance: dag.training_model_b manual__2022-07-27T14:46:37.154525+00:00 [removed]>' for dag 'dag'. Marking it as removed.
[2022-07-27 15:08:03,996] {local_task_job.py:273} INFO - 0 downstream tasks scheduled from follow-on schedule check
