[2022-07-27 14:46:40,052] {taskinstance.py:1179} INFO - Dependencies all met for <TaskInstance: dag.training_model_c manual__2022-07-27T14:46:37.154525+00:00 [queued]>
[2022-07-27 14:46:40,134] {taskinstance.py:1179} INFO - Dependencies all met for <TaskInstance: dag.training_model_c manual__2022-07-27T14:46:37.154525+00:00 [queued]>
[2022-07-27 14:46:40,134] {taskinstance.py:1376} INFO - 
--------------------------------------------------------------------------------
[2022-07-27 14:46:40,135] {taskinstance.py:1377} INFO - Starting attempt 1 of 1
[2022-07-27 14:46:40,135] {taskinstance.py:1378} INFO - 
--------------------------------------------------------------------------------
[2022-07-27 14:46:40,226] {taskinstance.py:1397} INFO - Executing <Task(PythonOperator): training_model_c> on 2022-07-27 14:46:37.154525+00:00
[2022-07-27 14:46:40,252] {standard_task_runner.py:52} INFO - Started process 682 to run task
[2022-07-27 14:46:40,271] {standard_task_runner.py:79} INFO - Running: ['***', 'tasks', 'run', 'dag', 'training_model_c', 'manual__2022-07-27T14:46:37.154525+00:00', '--job-id', '12', '--raw', '--subdir', 'DAGS_FOLDER/dag.py', '--cfg-path', '/tmp/tmp9vb135xt', '--error-file', '/tmp/tmp4za7stxd']
[2022-07-27 14:46:40,272] {standard_task_runner.py:80} INFO - Job 12: Subtask training_model_c
[2022-07-27 14:46:40,644] {task_command.py:371} INFO - Running <TaskInstance: dag.training_model_c manual__2022-07-27T14:46:37.154525+00:00 [running]> on host c054a673cb8f
[2022-07-27 14:46:41,021] {taskinstance.py:1591} INFO - Exporting the following env vars:
AIRFLOW_CTX_DAG_OWNER=***
AIRFLOW_CTX_DAG_ID=dag
AIRFLOW_CTX_TASK_ID=training_model_c
AIRFLOW_CTX_EXECUTION_DATE=2022-07-27T14:46:37.154525+00:00
AIRFLOW_CTX_TRY_NUMBER=1
AIRFLOW_CTX_DAG_RUN_ID=manual__2022-07-27T14:46:37.154525+00:00
[2022-07-27 14:46:41,023] {python.py:173} INFO - Done. Returned value was: 6
[2022-07-27 14:46:41,144] {taskinstance.py:1420} INFO - Marking task as SUCCESS. dag_id=dag, task_id=training_model_c, execution_date=20220727T144637, start_date=20220727T144640, end_date=20220727T144641
[2022-07-27 14:46:41,274] {local_task_job.py:156} INFO - Task exited with return code 0
[2022-07-27 14:46:41,642] {local_task_job.py:273} INFO - 1 downstream tasks scheduled from follow-on schedule check
