[2022-07-27 15:08:12,155] {taskinstance.py:1179} INFO - Dependencies all met for <TaskInstance: dag.accurate manual__2022-07-27T14:46:37.154525+00:00 [queued]>
[2022-07-27 15:08:12,184] {taskinstance.py:1179} INFO - Dependencies all met for <TaskInstance: dag.accurate manual__2022-07-27T14:46:37.154525+00:00 [queued]>
[2022-07-27 15:08:12,184] {taskinstance.py:1376} INFO - 
--------------------------------------------------------------------------------
[2022-07-27 15:08:12,184] {taskinstance.py:1377} INFO - Starting attempt 1 of 1
[2022-07-27 15:08:12,185] {taskinstance.py:1378} INFO - 
--------------------------------------------------------------------------------
[2022-07-27 15:08:12,218] {taskinstance.py:1397} INFO - Executing <Task(BashOperator): accurate> on 2022-07-27 14:46:37.154525+00:00
[2022-07-27 15:08:12,228] {standard_task_runner.py:52} INFO - Started process 1684 to run task
[2022-07-27 15:08:12,234] {standard_task_runner.py:79} INFO - Running: ['***', 'tasks', 'run', 'dag', 'accurate', 'manual__2022-07-27T14:46:37.154525+00:00', '--job-id', '64', '--raw', '--subdir', 'DAGS_FOLDER/dag.py', '--cfg-path', '/tmp/tmp51fn6ili', '--error-file', '/tmp/tmpic1_5kr3']
[2022-07-27 15:08:12,235] {standard_task_runner.py:80} INFO - Job 64: Subtask accurate
[2022-07-27 15:08:12,373] {task_command.py:371} INFO - Running <TaskInstance: dag.accurate manual__2022-07-27T14:46:37.154525+00:00 [running]> on host c054a673cb8f
[2022-07-27 15:08:12,601] {taskinstance.py:1591} INFO - Exporting the following env vars:
AIRFLOW_CTX_DAG_OWNER=***
AIRFLOW_CTX_DAG_ID=dag
AIRFLOW_CTX_TASK_ID=accurate
AIRFLOW_CTX_EXECUTION_DATE=2022-07-27T14:46:37.154525+00:00
AIRFLOW_CTX_TRY_NUMBER=1
AIRFLOW_CTX_DAG_RUN_ID=manual__2022-07-27T14:46:37.154525+00:00
[2022-07-27 15:08:12,604] {subprocess.py:62} INFO - Tmp dir root location: 
 /tmp
[2022-07-27 15:08:12,605] {subprocess.py:74} INFO - Running command: ['bash', '-c', "echo 'accurate'"]
[2022-07-27 15:08:12,633] {subprocess.py:85} INFO - Output:
[2022-07-27 15:08:12,637] {subprocess.py:92} INFO - accurate
[2022-07-27 15:08:12,638] {subprocess.py:96} INFO - Command exited with return code 0
[2022-07-27 15:08:12,721] {taskinstance.py:1420} INFO - Marking task as SUCCESS. dag_id=dag, task_id=accurate, execution_date=20220727T144637, start_date=20220727T150812, end_date=20220727T150812
[2022-07-27 15:08:12,807] {local_task_job.py:156} INFO - Task exited with return code 0
[2022-07-27 15:08:12,933] {local_task_job.py:273} INFO - 0 downstream tasks scheduled from follow-on schedule check
