[2022-07-27 15:08:07,765] {taskinstance.py:1179} INFO - Dependencies all met for <TaskInstance: dag.training_model_A scheduled__2022-07-26T00:00:00+00:00 [queued]>
[2022-07-27 15:08:07,838] {taskinstance.py:1179} INFO - Dependencies all met for <TaskInstance: dag.training_model_A scheduled__2022-07-26T00:00:00+00:00 [queued]>
[2022-07-27 15:08:07,838] {taskinstance.py:1376} INFO - 
--------------------------------------------------------------------------------
[2022-07-27 15:08:07,838] {taskinstance.py:1377} INFO - Starting attempt 1 of 1
[2022-07-27 15:08:07,838] {taskinstance.py:1378} INFO - 
--------------------------------------------------------------------------------
[2022-07-27 15:08:07,994] {taskinstance.py:1397} INFO - Executing <Task(PythonOperator): training_model_A> on 2022-07-26 00:00:00+00:00
[2022-07-27 15:08:08,031] {standard_task_runner.py:52} INFO - Started process 1678 to run task
[2022-07-27 15:08:08,050] {standard_task_runner.py:79} INFO - Running: ['***', 'tasks', 'run', 'dag', 'training_model_A', 'scheduled__2022-07-26T00:00:00+00:00', '--job-id', '60', '--raw', '--subdir', 'DAGS_FOLDER/dag.py', '--cfg-path', '/tmp/tmpln01s20o', '--error-file', '/tmp/tmp09i3wn2g']
[2022-07-27 15:08:08,051] {standard_task_runner.py:80} INFO - Job 60: Subtask training_model_A
[2022-07-27 15:08:08,842] {task_command.py:371} INFO - Running <TaskInstance: dag.training_model_A scheduled__2022-07-26T00:00:00+00:00 [running]> on host c054a673cb8f
[2022-07-27 15:08:09,385] {taskinstance.py:1591} INFO - Exporting the following env vars:
AIRFLOW_CTX_DAG_OWNER=***
AIRFLOW_CTX_DAG_ID=dag
AIRFLOW_CTX_TASK_ID=training_model_A
AIRFLOW_CTX_EXECUTION_DATE=2022-07-26T00:00:00+00:00
AIRFLOW_CTX_TRY_NUMBER=1
AIRFLOW_CTX_DAG_RUN_ID=scheduled__2022-07-26T00:00:00+00:00
[2022-07-27 15:08:09,403] {python.py:173} INFO - Done. Returned value was: 6
[2022-07-27 15:08:09,610] {taskinstance.py:1420} INFO - Marking task as SUCCESS. dag_id=dag, task_id=training_model_A, execution_date=20220726T000000, start_date=20220727T150807, end_date=20220727T150809
[2022-07-27 15:08:09,696] {local_task_job.py:156} INFO - Task exited with return code 0
[2022-07-27 15:08:09,865] {dagrun.py:1081} ERROR - Failed to get task '<TaskInstance: dag.training_model_b scheduled__2022-07-26T00:00:00+00:00 [removed]>' for dag 'dag'. Marking it as removed.
[2022-07-27 15:08:09,870] {dagrun.py:1081} ERROR - Failed to get task '<TaskInstance: dag.training_model_a scheduled__2022-07-26T00:00:00+00:00 [removed]>' for dag 'dag'. Marking it as removed.
[2022-07-27 15:08:09,871] {dagrun.py:1081} ERROR - Failed to get task '<TaskInstance: dag.training_model_c scheduled__2022-07-26T00:00:00+00:00 [removed]>' for dag 'dag'. Marking it as removed.
[2022-07-27 15:08:09,912] {local_task_job.py:273} INFO - 0 downstream tasks scheduled from follow-on schedule check
