[2022-07-27 14:38:17,329] {taskinstance.py:1179} INFO - Dependencies all met for <TaskInstance: dag.training_model_a scheduled__2022-07-26T00:00:00+00:00 [queued]>
[2022-07-27 14:38:17,377] {taskinstance.py:1179} INFO - Dependencies all met for <TaskInstance: dag.training_model_a scheduled__2022-07-26T00:00:00+00:00 [queued]>
[2022-07-27 14:38:17,378] {taskinstance.py:1376} INFO - 
--------------------------------------------------------------------------------
[2022-07-27 14:38:17,383] {taskinstance.py:1377} INFO - Starting attempt 1 of 1
[2022-07-27 14:38:17,384] {taskinstance.py:1378} INFO - 
--------------------------------------------------------------------------------
[2022-07-27 14:38:17,454] {taskinstance.py:1397} INFO - Executing <Task(PythonOperator): training_model_a> on 2022-07-26 00:00:00+00:00
[2022-07-27 14:38:17,471] {standard_task_runner.py:52} INFO - Started process 318 to run task
[2022-07-27 14:38:17,495] {standard_task_runner.py:79} INFO - Running: ['***', 'tasks', 'run', 'dag', 'training_model_a', 'scheduled__2022-07-26T00:00:00+00:00', '--job-id', '8', '--raw', '--subdir', 'DAGS_FOLDER/dag.py', '--cfg-path', '/tmp/tmpe7bfextk', '--error-file', '/tmp/tmpqjjwew38']
[2022-07-27 14:38:17,496] {standard_task_runner.py:80} INFO - Job 8: Subtask training_model_a
[2022-07-27 14:38:17,766] {task_command.py:371} INFO - Running <TaskInstance: dag.training_model_a scheduled__2022-07-26T00:00:00+00:00 [running]> on host c054a673cb8f
[2022-07-27 14:38:18,011] {taskinstance.py:1591} INFO - Exporting the following env vars:
AIRFLOW_CTX_DAG_OWNER=***
AIRFLOW_CTX_DAG_ID=dag
AIRFLOW_CTX_TASK_ID=training_model_a
AIRFLOW_CTX_EXECUTION_DATE=2022-07-26T00:00:00+00:00
AIRFLOW_CTX_TRY_NUMBER=1
AIRFLOW_CTX_DAG_RUN_ID=scheduled__2022-07-26T00:00:00+00:00
[2022-07-27 14:38:18,014] {python.py:173} INFO - Done. Returned value was: 5
[2022-07-27 14:38:18,082] {taskinstance.py:1420} INFO - Marking task as SUCCESS. dag_id=dag, task_id=training_model_a, execution_date=20220726T000000, start_date=20220727T143817, end_date=20220727T143818
[2022-07-27 14:38:18,117] {local_task_job.py:156} INFO - Task exited with return code 0
[2022-07-27 14:38:18,242] {local_task_job.py:273} INFO - 0 downstream tasks scheduled from follow-on schedule check
