[2022-07-27 15:08:52,106] {taskinstance.py:1179} INFO - Dependencies all met for <TaskInstance: dag.training_model_B scheduled__2022-07-26T00:00:00+00:00 [queued]>
[2022-07-27 15:08:52,128] {taskinstance.py:1179} INFO - Dependencies all met for <TaskInstance: dag.training_model_B scheduled__2022-07-26T00:00:00+00:00 [queued]>
[2022-07-27 15:08:52,128] {taskinstance.py:1376} INFO - 
--------------------------------------------------------------------------------
[2022-07-27 15:08:52,128] {taskinstance.py:1377} INFO - Starting attempt 2 of 2
[2022-07-27 15:08:52,128] {taskinstance.py:1378} INFO - 
--------------------------------------------------------------------------------
[2022-07-27 15:08:52,162] {taskinstance.py:1397} INFO - Executing <Task(PythonOperator): training_model_B> on 2022-07-26 00:00:00+00:00
[2022-07-27 15:08:52,175] {standard_task_runner.py:52} INFO - Started process 1723 to run task
[2022-07-27 15:08:52,182] {standard_task_runner.py:79} INFO - Running: ['***', 'tasks', 'run', 'dag', 'training_model_B', 'scheduled__2022-07-26T00:00:00+00:00', '--job-id', '67', '--raw', '--subdir', 'DAGS_FOLDER/dag.py', '--cfg-path', '/tmp/tmpp0tw2llx', '--error-file', '/tmp/tmpx0o1fvo9']
[2022-07-27 15:08:52,182] {standard_task_runner.py:80} INFO - Job 67: Subtask training_model_B
[2022-07-27 15:08:52,352] {task_command.py:371} INFO - Running <TaskInstance: dag.training_model_B scheduled__2022-07-26T00:00:00+00:00 [running]> on host c054a673cb8f
[2022-07-27 15:08:52,573] {taskinstance.py:1591} INFO - Exporting the following env vars:
AIRFLOW_CTX_DAG_OWNER=***
AIRFLOW_CTX_DAG_ID=dag
AIRFLOW_CTX_TASK_ID=training_model_B
AIRFLOW_CTX_EXECUTION_DATE=2022-07-26T00:00:00+00:00
AIRFLOW_CTX_TRY_NUMBER=2
AIRFLOW_CTX_DAG_RUN_ID=scheduled__2022-07-26T00:00:00+00:00
[2022-07-27 15:08:52,577] {python.py:173} INFO - Done. Returned value was: 2
[2022-07-27 15:08:52,698] {taskinstance.py:1420} INFO - Marking task as SUCCESS. dag_id=dag, task_id=training_model_B, execution_date=20220726T000000, start_date=20220727T150852, end_date=20220727T150852
[2022-07-27 15:08:52,764] {local_task_job.py:156} INFO - Task exited with return code 0
[2022-07-27 15:08:52,909] {dagrun.py:1081} ERROR - Failed to get task '<TaskInstance: dag.training_model_b scheduled__2022-07-26T00:00:00+00:00 [removed]>' for dag 'dag'. Marking it as removed.
[2022-07-27 15:08:52,912] {dagrun.py:1081} ERROR - Failed to get task '<TaskInstance: dag.training_model_a scheduled__2022-07-26T00:00:00+00:00 [removed]>' for dag 'dag'. Marking it as removed.
[2022-07-27 15:08:52,914] {dagrun.py:1081} ERROR - Failed to get task '<TaskInstance: dag.training_model_c scheduled__2022-07-26T00:00:00+00:00 [removed]>' for dag 'dag'. Marking it as removed.
[2022-07-27 15:08:52,950] {local_task_job.py:273} INFO - 1 downstream tasks scheduled from follow-on schedule check
