[2022-07-27 14:38:17,201] {taskinstance.py:1179} INFO - Dependencies all met for <TaskInstance: dag.training_model_b scheduled__2022-07-26T00:00:00+00:00 [queued]>
[2022-07-27 14:38:17,245] {taskinstance.py:1179} INFO - Dependencies all met for <TaskInstance: dag.training_model_b scheduled__2022-07-26T00:00:00+00:00 [queued]>
[2022-07-27 14:38:17,245] {taskinstance.py:1376} INFO - 
--------------------------------------------------------------------------------
[2022-07-27 14:38:17,245] {taskinstance.py:1377} INFO - Starting attempt 1 of 1
[2022-07-27 14:38:17,245] {taskinstance.py:1378} INFO - 
--------------------------------------------------------------------------------
[2022-07-27 14:38:17,301] {taskinstance.py:1397} INFO - Executing <Task(PythonOperator): training_model_b> on 2022-07-26 00:00:00+00:00
[2022-07-27 14:38:17,325] {standard_task_runner.py:52} INFO - Started process 317 to run task
[2022-07-27 14:38:17,337] {standard_task_runner.py:79} INFO - Running: ['***', 'tasks', 'run', 'dag', 'training_model_b', 'scheduled__2022-07-26T00:00:00+00:00', '--job-id', '7', '--raw', '--subdir', 'DAGS_FOLDER/dag.py', '--cfg-path', '/tmp/tmpyey_pgix', '--error-file', '/tmp/tmp74tgegpt']
[2022-07-27 14:38:17,338] {standard_task_runner.py:80} INFO - Job 7: Subtask training_model_b
[2022-07-27 14:38:17,608] {task_command.py:371} INFO - Running <TaskInstance: dag.training_model_b scheduled__2022-07-26T00:00:00+00:00 [running]> on host c054a673cb8f
[2022-07-27 14:38:17,911] {taskinstance.py:1591} INFO - Exporting the following env vars:
AIRFLOW_CTX_DAG_OWNER=***
AIRFLOW_CTX_DAG_ID=dag
AIRFLOW_CTX_TASK_ID=training_model_b
AIRFLOW_CTX_EXECUTION_DATE=2022-07-26T00:00:00+00:00
AIRFLOW_CTX_TRY_NUMBER=1
AIRFLOW_CTX_DAG_RUN_ID=scheduled__2022-07-26T00:00:00+00:00
[2022-07-27 14:38:17,914] {python.py:173} INFO - Done. Returned value was: 10
[2022-07-27 14:38:18,003] {taskinstance.py:1420} INFO - Marking task as SUCCESS. dag_id=dag, task_id=training_model_b, execution_date=20220726T000000, start_date=20220727T143817, end_date=20220727T143818
[2022-07-27 14:38:18,077] {local_task_job.py:156} INFO - Task exited with return code 0
[2022-07-27 14:38:18,192] {local_task_job.py:273} INFO - 1 downstream tasks scheduled from follow-on schedule check
