[2022-07-27 15:09:22,958] {taskinstance.py:1179} INFO - Dependencies all met for <TaskInstance: dag.training_model_C scheduled__2022-07-26T00:00:00+00:00 [queued]>
[2022-07-27 15:09:22,981] {taskinstance.py:1179} INFO - Dependencies all met for <TaskInstance: dag.training_model_C scheduled__2022-07-26T00:00:00+00:00 [queued]>
[2022-07-27 15:09:22,981] {taskinstance.py:1376} INFO - 
--------------------------------------------------------------------------------
[2022-07-27 15:09:22,981] {taskinstance.py:1377} INFO - Starting attempt 3 of 3
[2022-07-27 15:09:22,981] {taskinstance.py:1378} INFO - 
--------------------------------------------------------------------------------
[2022-07-27 15:09:23,028] {taskinstance.py:1397} INFO - Executing <Task(PythonOperator): training_model_C> on 2022-07-26 00:00:00+00:00
[2022-07-27 15:09:23,041] {standard_task_runner.py:52} INFO - Started process 1753 to run task
[2022-07-27 15:09:23,049] {standard_task_runner.py:79} INFO - Running: ['***', 'tasks', 'run', 'dag', 'training_model_C', 'scheduled__2022-07-26T00:00:00+00:00', '--job-id', '71', '--raw', '--subdir', 'DAGS_FOLDER/dag.py', '--cfg-path', '/tmp/tmp1_g1tkuw', '--error-file', '/tmp/tmp0q8tp9qv']
[2022-07-27 15:09:23,050] {standard_task_runner.py:80} INFO - Job 71: Subtask training_model_C
[2022-07-27 15:09:23,229] {task_command.py:371} INFO - Running <TaskInstance: dag.training_model_C scheduled__2022-07-26T00:00:00+00:00 [running]> on host c054a673cb8f
[2022-07-27 15:09:23,584] {taskinstance.py:1591} INFO - Exporting the following env vars:
AIRFLOW_CTX_DAG_OWNER=***
AIRFLOW_CTX_DAG_ID=dag
AIRFLOW_CTX_TASK_ID=training_model_C
AIRFLOW_CTX_EXECUTION_DATE=2022-07-26T00:00:00+00:00
AIRFLOW_CTX_TRY_NUMBER=3
AIRFLOW_CTX_DAG_RUN_ID=scheduled__2022-07-26T00:00:00+00:00
[2022-07-27 15:09:23,588] {python.py:173} INFO - Done. Returned value was: 3
[2022-07-27 15:09:23,756] {taskinstance.py:1420} INFO - Marking task as SUCCESS. dag_id=dag, task_id=training_model_C, execution_date=20220726T000000, start_date=20220727T150922, end_date=20220727T150923
[2022-07-27 15:09:23,842] {local_task_job.py:156} INFO - Task exited with return code 0
[2022-07-27 15:09:23,932] {dagrun.py:1081} ERROR - Failed to get task '<TaskInstance: dag.training_model_b scheduled__2022-07-26T00:00:00+00:00 [removed]>' for dag 'dag'. Marking it as removed.
[2022-07-27 15:09:23,935] {dagrun.py:1081} ERROR - Failed to get task '<TaskInstance: dag.training_model_a scheduled__2022-07-26T00:00:00+00:00 [removed]>' for dag 'dag'. Marking it as removed.
[2022-07-27 15:09:23,936] {dagrun.py:1081} ERROR - Failed to get task '<TaskInstance: dag.training_model_c scheduled__2022-07-26T00:00:00+00:00 [removed]>' for dag 'dag'. Marking it as removed.
[2022-07-27 15:09:23,972] {local_task_job.py:273} INFO - 1 downstream tasks scheduled from follow-on schedule check
