[2022-07-27 15:08:12,096] {taskinstance.py:1179} INFO - Dependencies all met for <TaskInstance: dag.choose_best_model scheduled__2022-07-26T00:00:00+00:00 [queued]>
[2022-07-27 15:08:12,119] {taskinstance.py:1179} INFO - Dependencies all met for <TaskInstance: dag.choose_best_model scheduled__2022-07-26T00:00:00+00:00 [queued]>
[2022-07-27 15:08:12,119] {taskinstance.py:1376} INFO - 
--------------------------------------------------------------------------------
[2022-07-27 15:08:12,119] {taskinstance.py:1377} INFO - Starting attempt 2 of 2
[2022-07-27 15:08:12,119] {taskinstance.py:1378} INFO - 
--------------------------------------------------------------------------------
[2022-07-27 15:08:12,154] {taskinstance.py:1397} INFO - Executing <Task(BranchPythonOperator): choose_best_model> on 2022-07-26 00:00:00+00:00
[2022-07-27 15:08:12,164] {standard_task_runner.py:52} INFO - Started process 1683 to run task
[2022-07-27 15:08:12,171] {standard_task_runner.py:79} INFO - Running: ['***', 'tasks', 'run', 'dag', 'choose_best_model', 'scheduled__2022-07-26T00:00:00+00:00', '--job-id', '63', '--raw', '--subdir', 'DAGS_FOLDER/dag.py', '--cfg-path', '/tmp/tmp_n89zlvt', '--error-file', '/tmp/tmpomctv7x2']
[2022-07-27 15:08:12,171] {standard_task_runner.py:80} INFO - Job 63: Subtask choose_best_model
[2022-07-27 15:08:12,310] {task_command.py:371} INFO - Running <TaskInstance: dag.choose_best_model scheduled__2022-07-26T00:00:00+00:00 [running]> on host c054a673cb8f
[2022-07-27 15:08:12,497] {taskinstance.py:1591} INFO - Exporting the following env vars:
AIRFLOW_CTX_DAG_OWNER=***
AIRFLOW_CTX_DAG_ID=dag
AIRFLOW_CTX_TASK_ID=choose_best_model
AIRFLOW_CTX_EXECUTION_DATE=2022-07-26T00:00:00+00:00
AIRFLOW_CTX_TRY_NUMBER=2
AIRFLOW_CTX_DAG_RUN_ID=scheduled__2022-07-26T00:00:00+00:00
[2022-07-27 15:08:12,527] {python.py:173} INFO - Done. Returned value was: inaccurate
[2022-07-27 15:08:12,528] {skipmixin.py:140} INFO - Following branch inaccurate
[2022-07-27 15:08:12,528] {skipmixin.py:175} INFO - Skipping tasks ['accurate']
[2022-07-27 15:08:12,679] {taskinstance.py:1420} INFO - Marking task as SUCCESS. dag_id=dag, task_id=choose_best_model, execution_date=20220726T000000, start_date=20220727T150812, end_date=20220727T150812
[2022-07-27 15:08:12,749] {local_task_job.py:156} INFO - Task exited with return code 0
[2022-07-27 15:08:12,907] {local_task_job.py:273} INFO - 1 downstream tasks scheduled from follow-on schedule check
