[2022-07-27 14:46:40,303] {taskinstance.py:1179} INFO - Dependencies all met for <TaskInstance: dag.training_model_b manual__2022-07-27T14:46:37.154525+00:00 [queued]>
[2022-07-27 14:46:40,417] {taskinstance.py:1179} INFO - Dependencies all met for <TaskInstance: dag.training_model_b manual__2022-07-27T14:46:37.154525+00:00 [queued]>
[2022-07-27 14:46:40,417] {taskinstance.py:1376} INFO - 
--------------------------------------------------------------------------------
[2022-07-27 14:46:40,418] {taskinstance.py:1377} INFO - Starting attempt 1 of 1
[2022-07-27 14:46:40,418] {taskinstance.py:1378} INFO - 
--------------------------------------------------------------------------------
[2022-07-27 14:46:40,525] {taskinstance.py:1397} INFO - Executing <Task(PythonOperator): training_model_b> on 2022-07-27 14:46:37.154525+00:00
[2022-07-27 14:46:40,570] {standard_task_runner.py:52} INFO - Started process 683 to run task
[2022-07-27 14:46:40,580] {standard_task_runner.py:79} INFO - Running: ['***', 'tasks', 'run', 'dag', 'training_model_b', 'manual__2022-07-27T14:46:37.154525+00:00', '--job-id', '13', '--raw', '--subdir', 'DAGS_FOLDER/dag.py', '--cfg-path', '/tmp/tmp7e02txxg', '--error-file', '/tmp/tmpu5jdpbsn']
[2022-07-27 14:46:40,581] {standard_task_runner.py:80} INFO - Job 13: Subtask training_model_b
[2022-07-27 14:46:40,851] {task_command.py:371} INFO - Running <TaskInstance: dag.training_model_b manual__2022-07-27T14:46:37.154525+00:00 [running]> on host c054a673cb8f
[2022-07-27 14:46:41,168] {taskinstance.py:1591} INFO - Exporting the following env vars:
AIRFLOW_CTX_DAG_OWNER=***
AIRFLOW_CTX_DAG_ID=dag
AIRFLOW_CTX_TASK_ID=training_model_b
AIRFLOW_CTX_EXECUTION_DATE=2022-07-27T14:46:37.154525+00:00
AIRFLOW_CTX_TRY_NUMBER=1
AIRFLOW_CTX_DAG_RUN_ID=manual__2022-07-27T14:46:37.154525+00:00
[2022-07-27 14:46:41,175] {python.py:173} INFO - Done. Returned value was: 3
[2022-07-27 14:46:41,368] {taskinstance.py:1420} INFO - Marking task as SUCCESS. dag_id=dag, task_id=training_model_b, execution_date=20220727T144637, start_date=20220727T144640, end_date=20220727T144641
[2022-07-27 14:46:41,459] {local_task_job.py:156} INFO - Task exited with return code 0
[2022-07-27 14:46:41,710] {local_task_job.py:273} INFO - 0 downstream tasks scheduled from follow-on schedule check
