[2022-07-27 15:08:02,673] {taskinstance.py:1179} INFO - Dependencies all met for <TaskInstance: dag.training_model_A manual__2022-07-27T14:46:37.154525+00:00 [queued]>
[2022-07-27 15:08:02,756] {taskinstance.py:1179} INFO - Dependencies all met for <TaskInstance: dag.training_model_A manual__2022-07-27T14:46:37.154525+00:00 [queued]>
[2022-07-27 15:08:02,758] {taskinstance.py:1376} INFO - 
--------------------------------------------------------------------------------
[2022-07-27 15:08:02,758] {taskinstance.py:1377} INFO - Starting attempt 1 of 1
[2022-07-27 15:08:02,758] {taskinstance.py:1378} INFO - 
--------------------------------------------------------------------------------
[2022-07-27 15:08:02,857] {taskinstance.py:1397} INFO - Executing <Task(PythonOperator): training_model_A> on 2022-07-27 14:46:37.154525+00:00
[2022-07-27 15:08:02,900] {standard_task_runner.py:52} INFO - Started process 1671 to run task
[2022-07-27 15:08:02,928] {standard_task_runner.py:79} INFO - Running: ['***', 'tasks', 'run', 'dag', 'training_model_A', 'manual__2022-07-27T14:46:37.154525+00:00', '--job-id', '57', '--raw', '--subdir', 'DAGS_FOLDER/dag.py', '--cfg-path', '/tmp/tmpiigvsz4a', '--error-file', '/tmp/tmpd72ss7vn']
[2022-07-27 15:08:02,929] {standard_task_runner.py:80} INFO - Job 57: Subtask training_model_A
[2022-07-27 15:08:03,416] {task_command.py:371} INFO - Running <TaskInstance: dag.training_model_A manual__2022-07-27T14:46:37.154525+00:00 [running]> on host c054a673cb8f
[2022-07-27 15:08:03,911] {taskinstance.py:1591} INFO - Exporting the following env vars:
AIRFLOW_CTX_DAG_OWNER=***
AIRFLOW_CTX_DAG_ID=dag
AIRFLOW_CTX_TASK_ID=training_model_A
AIRFLOW_CTX_EXECUTION_DATE=2022-07-27T14:46:37.154525+00:00
AIRFLOW_CTX_TRY_NUMBER=1
AIRFLOW_CTX_DAG_RUN_ID=manual__2022-07-27T14:46:37.154525+00:00
[2022-07-27 15:08:03,913] {python.py:173} INFO - Done. Returned value was: 1
[2022-07-27 15:08:04,052] {taskinstance.py:1420} INFO - Marking task as SUCCESS. dag_id=dag, task_id=training_model_A, execution_date=20220727T144637, start_date=20220727T150802, end_date=20220727T150804
[2022-07-27 15:08:04,128] {local_task_job.py:156} INFO - Task exited with return code 0
[2022-07-27 15:08:04,501] {dagrun.py:1081} ERROR - Failed to get task '<TaskInstance: dag.training_model_a manual__2022-07-27T14:46:37.154525+00:00 [removed]>' for dag 'dag'. Marking it as removed.
[2022-07-27 15:08:04,510] {dagrun.py:1081} ERROR - Failed to get task '<TaskInstance: dag.training_model_c manual__2022-07-27T14:46:37.154525+00:00 [removed]>' for dag 'dag'. Marking it as removed.
[2022-07-27 15:08:04,519] {dagrun.py:1081} ERROR - Failed to get task '<TaskInstance: dag.training_model_b manual__2022-07-27T14:46:37.154525+00:00 [removed]>' for dag 'dag'. Marking it as removed.
[2022-07-27 15:08:04,622] {local_task_job.py:273} INFO - 0 downstream tasks scheduled from follow-on schedule check
