[2022-07-27 15:08:08,782] {taskinstance.py:1179} INFO - Dependencies all met for <TaskInstance: dag.choose_best_model manual__2022-07-27T14:46:37.154525+00:00 [queued]>
[2022-07-27 15:08:08,852] {taskinstance.py:1179} INFO - Dependencies all met for <TaskInstance: dag.choose_best_model manual__2022-07-27T14:46:37.154525+00:00 [queued]>
[2022-07-27 15:08:08,852] {taskinstance.py:1376} INFO - 
--------------------------------------------------------------------------------
[2022-07-27 15:08:08,852] {taskinstance.py:1377} INFO - Starting attempt 2 of 2
[2022-07-27 15:08:08,852] {taskinstance.py:1378} INFO - 
--------------------------------------------------------------------------------
[2022-07-27 15:08:08,976] {taskinstance.py:1397} INFO - Executing <Task(BranchPythonOperator): choose_best_model> on 2022-07-27 14:46:37.154525+00:00
[2022-07-27 15:08:09,020] {standard_task_runner.py:52} INFO - Started process 1680 to run task
[2022-07-27 15:08:09,068] {standard_task_runner.py:79} INFO - Running: ['***', 'tasks', 'run', 'dag', 'choose_best_model', 'manual__2022-07-27T14:46:37.154525+00:00', '--job-id', '62', '--raw', '--subdir', 'DAGS_FOLDER/dag.py', '--cfg-path', '/tmp/tmpi950i836', '--error-file', '/tmp/tmp5k4p_rax']
[2022-07-27 15:08:09,069] {standard_task_runner.py:80} INFO - Job 62: Subtask choose_best_model
[2022-07-27 15:08:09,477] {task_command.py:371} INFO - Running <TaskInstance: dag.choose_best_model manual__2022-07-27T14:46:37.154525+00:00 [running]> on host c054a673cb8f
[2022-07-27 15:08:10,007] {taskinstance.py:1591} INFO - Exporting the following env vars:
AIRFLOW_CTX_DAG_OWNER=***
AIRFLOW_CTX_DAG_ID=dag
AIRFLOW_CTX_TASK_ID=choose_best_model
AIRFLOW_CTX_EXECUTION_DATE=2022-07-27T14:46:37.154525+00:00
AIRFLOW_CTX_TRY_NUMBER=2
AIRFLOW_CTX_DAG_RUN_ID=manual__2022-07-27T14:46:37.154525+00:00
[2022-07-27 15:08:10,079] {python.py:173} INFO - Done. Returned value was: accurate
[2022-07-27 15:08:10,079] {skipmixin.py:140} INFO - Following branch accurate
[2022-07-27 15:08:10,080] {skipmixin.py:175} INFO - Skipping tasks ['inaccurate']
[2022-07-27 15:08:10,233] {taskinstance.py:1420} INFO - Marking task as SUCCESS. dag_id=dag, task_id=choose_best_model, execution_date=20220727T144637, start_date=20220727T150808, end_date=20220727T150810
[2022-07-27 15:08:10,300] {local_task_job.py:156} INFO - Task exited with return code 0
[2022-07-27 15:08:10,406] {local_task_job.py:273} INFO - 1 downstream tasks scheduled from follow-on schedule check
