[2022-07-27 14:58:44,013] {taskinstance.py:1179} INFO - Dependencies all met for <TaskInstance: dag.training_model_b manual__2022-07-27T14:58:04.465454+00:00 [queued]>
[2022-07-27 14:58:44,070] {taskinstance.py:1179} INFO - Dependencies all met for <TaskInstance: dag.training_model_b manual__2022-07-27T14:58:04.465454+00:00 [queued]>
[2022-07-27 14:58:44,071] {taskinstance.py:1376} INFO - 
--------------------------------------------------------------------------------
[2022-07-27 14:58:44,071] {taskinstance.py:1377} INFO - Starting attempt 2 of 2
[2022-07-27 14:58:44,071] {taskinstance.py:1378} INFO - 
--------------------------------------------------------------------------------
[2022-07-27 14:58:44,131] {taskinstance.py:1397} INFO - Executing <Task(PythonOperator): training_model_b> on 2022-07-27 14:58:04.465454+00:00
[2022-07-27 14:58:44,144] {standard_task_runner.py:52} INFO - Started process 1209 to run task
[2022-07-27 14:58:44,149] {standard_task_runner.py:79} INFO - Running: ['***', 'tasks', 'run', 'dag', 'training_model_b', 'manual__2022-07-27T14:58:04.465454+00:00', '--job-id', '26', '--raw', '--subdir', 'DAGS_FOLDER/dag.py', '--cfg-path', '/tmp/tmp78n0e_a9', '--error-file', '/tmp/tmpw09xih90']
[2022-07-27 14:58:44,150] {standard_task_runner.py:80} INFO - Job 26: Subtask training_model_b
[2022-07-27 14:58:44,335] {task_command.py:371} INFO - Running <TaskInstance: dag.training_model_b manual__2022-07-27T14:58:04.465454+00:00 [running]> on host c054a673cb8f
[2022-07-27 14:58:44,652] {taskinstance.py:1591} INFO - Exporting the following env vars:
AIRFLOW_CTX_DAG_OWNER=***
AIRFLOW_CTX_DAG_ID=dag
AIRFLOW_CTX_TASK_ID=training_model_b
AIRFLOW_CTX_EXECUTION_DATE=2022-07-27T14:58:04.465454+00:00
AIRFLOW_CTX_TRY_NUMBER=2
AIRFLOW_CTX_DAG_RUN_ID=manual__2022-07-27T14:58:04.465454+00:00
[2022-07-27 14:58:44,657] {python.py:173} INFO - Done. Returned value was: 5
[2022-07-27 14:58:44,791] {taskinstance.py:1420} INFO - Marking task as SUCCESS. dag_id=dag, task_id=training_model_b, execution_date=20220727T145804, start_date=20220727T145844, end_date=20220727T145844
[2022-07-27 14:58:44,855] {local_task_job.py:156} INFO - Task exited with return code 0
[2022-07-27 14:58:44,971] {local_task_job.py:273} INFO - 0 downstream tasks scheduled from follow-on schedule check
