[2022-07-27 15:02:03,215] {taskinstance.py:1179} INFO - Dependencies all met for <TaskInstance: dag.training_model_B manual__2022-07-27T14:58:04.465454+00:00 [queued]>
[2022-07-27 15:02:03,241] {taskinstance.py:1179} INFO - Dependencies all met for <TaskInstance: dag.training_model_B manual__2022-07-27T14:58:04.465454+00:00 [queued]>
[2022-07-27 15:02:03,241] {taskinstance.py:1376} INFO - 
--------------------------------------------------------------------------------
[2022-07-27 15:02:03,241] {taskinstance.py:1377} INFO - Starting attempt 1 of 1
[2022-07-27 15:02:03,241] {taskinstance.py:1378} INFO - 
--------------------------------------------------------------------------------
[2022-07-27 15:02:03,277] {taskinstance.py:1397} INFO - Executing <Task(PythonOperator): training_model_B> on 2022-07-27 14:58:04.465454+00:00
[2022-07-27 15:02:03,290] {standard_task_runner.py:52} INFO - Started process 1359 to run task
[2022-07-27 15:02:03,308] {standard_task_runner.py:79} INFO - Running: ['***', 'tasks', 'run', 'dag', 'training_model_B', 'manual__2022-07-27T14:58:04.465454+00:00', '--job-id', '32', '--raw', '--subdir', 'DAGS_FOLDER/dag.py', '--cfg-path', '/tmp/tmpn5hhxuu5', '--error-file', '/tmp/tmpmbv5bc8l']
[2022-07-27 15:02:03,309] {standard_task_runner.py:80} INFO - Job 32: Subtask training_model_B
[2022-07-27 15:02:03,538] {task_command.py:371} INFO - Running <TaskInstance: dag.training_model_B manual__2022-07-27T14:58:04.465454+00:00 [running]> on host c054a673cb8f
[2022-07-27 15:02:03,795] {taskinstance.py:1591} INFO - Exporting the following env vars:
AIRFLOW_CTX_DAG_OWNER=***
AIRFLOW_CTX_DAG_ID=dag
AIRFLOW_CTX_TASK_ID=training_model_B
AIRFLOW_CTX_EXECUTION_DATE=2022-07-27T14:58:04.465454+00:00
AIRFLOW_CTX_TRY_NUMBER=1
AIRFLOW_CTX_DAG_RUN_ID=manual__2022-07-27T14:58:04.465454+00:00
[2022-07-27 15:02:03,797] {python.py:173} INFO - Done. Returned value was: 2
[2022-07-27 15:02:03,896] {taskinstance.py:1420} INFO - Marking task as SUCCESS. dag_id=dag, task_id=training_model_B, execution_date=20220727T145804, start_date=20220727T150203, end_date=20220727T150203
[2022-07-27 15:02:03,962] {local_task_job.py:156} INFO - Task exited with return code 0
[2022-07-27 15:02:04,155] {dagrun.py:1081} ERROR - Failed to get task '<TaskInstance: dag.training_model_a manual__2022-07-27T14:58:04.465454+00:00 [removed]>' for dag 'dag'. Marking it as removed.
[2022-07-27 15:02:04,159] {dagrun.py:1081} ERROR - Failed to get task '<TaskInstance: dag.training_model_b manual__2022-07-27T14:58:04.465454+00:00 [removed]>' for dag 'dag'. Marking it as removed.
[2022-07-27 15:02:04,161] {dagrun.py:1081} ERROR - Failed to get task '<TaskInstance: dag.training_model_c manual__2022-07-27T14:58:04.465454+00:00 [removed]>' for dag 'dag'. Marking it as removed.
[2022-07-27 15:02:04,207] {local_task_job.py:273} INFO - 0 downstream tasks scheduled from follow-on schedule check
