[2022-07-27 15:02:55,157] {taskinstance.py:1179} INFO - Dependencies all met for <TaskInstance: dag.training_model_B manual__2022-07-27T14:58:04.465454+00:00 [queued]>
[2022-07-27 15:02:55,208] {taskinstance.py:1179} INFO - Dependencies all met for <TaskInstance: dag.training_model_B manual__2022-07-27T14:58:04.465454+00:00 [queued]>
[2022-07-27 15:02:55,209] {taskinstance.py:1376} INFO - 
--------------------------------------------------------------------------------
[2022-07-27 15:02:55,212] {taskinstance.py:1377} INFO - Starting attempt 3 of 3
[2022-07-27 15:02:55,212] {taskinstance.py:1378} INFO - 
--------------------------------------------------------------------------------
[2022-07-27 15:02:55,290] {taskinstance.py:1397} INFO - Executing <Task(PythonOperator): training_model_B> on 2022-07-27 14:58:04.465454+00:00
[2022-07-27 15:02:55,303] {standard_task_runner.py:52} INFO - Started process 1420 to run task
[2022-07-27 15:02:55,316] {standard_task_runner.py:79} INFO - Running: ['***', 'tasks', 'run', 'dag', 'training_model_B', 'manual__2022-07-27T14:58:04.465454+00:00', '--job-id', '43', '--raw', '--subdir', 'DAGS_FOLDER/dag.py', '--cfg-path', '/tmp/tmpgg45xlhs', '--error-file', '/tmp/tmpfehdc917']
[2022-07-27 15:02:55,317] {standard_task_runner.py:80} INFO - Job 43: Subtask training_model_B
[2022-07-27 15:02:55,570] {task_command.py:371} INFO - Running <TaskInstance: dag.training_model_B manual__2022-07-27T14:58:04.465454+00:00 [running]> on host c054a673cb8f
[2022-07-27 15:02:55,847] {taskinstance.py:1591} INFO - Exporting the following env vars:
AIRFLOW_CTX_DAG_OWNER=***
AIRFLOW_CTX_DAG_ID=dag
AIRFLOW_CTX_TASK_ID=training_model_B
AIRFLOW_CTX_EXECUTION_DATE=2022-07-27T14:58:04.465454+00:00
AIRFLOW_CTX_TRY_NUMBER=3
AIRFLOW_CTX_DAG_RUN_ID=manual__2022-07-27T14:58:04.465454+00:00
[2022-07-27 15:02:55,849] {python.py:173} INFO - Done. Returned value was: 1
[2022-07-27 15:02:55,950] {taskinstance.py:1420} INFO - Marking task as SUCCESS. dag_id=dag, task_id=training_model_B, execution_date=20220727T145804, start_date=20220727T150255, end_date=20220727T150255
[2022-07-27 15:02:56,038] {local_task_job.py:156} INFO - Task exited with return code 0
[2022-07-27 15:02:56,259] {dagrun.py:1081} ERROR - Failed to get task '<TaskInstance: dag.training_model_a manual__2022-07-27T14:58:04.465454+00:00 [removed]>' for dag 'dag'. Marking it as removed.
[2022-07-27 15:02:56,262] {dagrun.py:1081} ERROR - Failed to get task '<TaskInstance: dag.training_model_b manual__2022-07-27T14:58:04.465454+00:00 [removed]>' for dag 'dag'. Marking it as removed.
[2022-07-27 15:02:56,264] {dagrun.py:1081} ERROR - Failed to get task '<TaskInstance: dag.training_model_c manual__2022-07-27T14:58:04.465454+00:00 [removed]>' for dag 'dag'. Marking it as removed.
[2022-07-27 15:02:56,304] {local_task_job.py:273} INFO - 1 downstream tasks scheduled from follow-on schedule check
