[2022-07-27 15:07:43,774] {taskinstance.py:1179} INFO - Dependencies all met for <TaskInstance: dag.training_model_C manual__2022-07-27T14:58:04.465454+00:00 [queued]>
[2022-07-27 15:07:43,814] {taskinstance.py:1179} INFO - Dependencies all met for <TaskInstance: dag.training_model_C manual__2022-07-27T14:58:04.465454+00:00 [queued]>
[2022-07-27 15:07:43,814] {taskinstance.py:1376} INFO - 
--------------------------------------------------------------------------------
[2022-07-27 15:07:43,814] {taskinstance.py:1377} INFO - Starting attempt 5 of 5
[2022-07-27 15:07:43,814] {taskinstance.py:1378} INFO - 
--------------------------------------------------------------------------------
[2022-07-27 15:07:43,867] {taskinstance.py:1397} INFO - Executing <Task(PythonOperator): training_model_C> on 2022-07-27 14:58:04.465454+00:00
[2022-07-27 15:07:43,880] {standard_task_runner.py:52} INFO - Started process 1636 to run task
[2022-07-27 15:07:43,900] {standard_task_runner.py:79} INFO - Running: ['***', 'tasks', 'run', 'dag', 'training_model_C', 'manual__2022-07-27T14:58:04.465454+00:00', '--job-id', '51', '--raw', '--subdir', 'DAGS_FOLDER/dag.py', '--cfg-path', '/tmp/tmp6kzi6n24', '--error-file', '/tmp/tmpw32uif9k']
[2022-07-27 15:07:43,901] {standard_task_runner.py:80} INFO - Job 51: Subtask training_model_C
[2022-07-27 15:07:44,123] {task_command.py:371} INFO - Running <TaskInstance: dag.training_model_C manual__2022-07-27T14:58:04.465454+00:00 [running]> on host c054a673cb8f
[2022-07-27 15:07:44,545] {taskinstance.py:1591} INFO - Exporting the following env vars:
AIRFLOW_CTX_DAG_OWNER=***
AIRFLOW_CTX_DAG_ID=dag
AIRFLOW_CTX_TASK_ID=training_model_C
AIRFLOW_CTX_EXECUTION_DATE=2022-07-27T14:58:04.465454+00:00
AIRFLOW_CTX_TRY_NUMBER=5
AIRFLOW_CTX_DAG_RUN_ID=manual__2022-07-27T14:58:04.465454+00:00
[2022-07-27 15:07:44,548] {python.py:173} INFO - Done. Returned value was: 8
[2022-07-27 15:07:44,687] {taskinstance.py:1420} INFO - Marking task as SUCCESS. dag_id=dag, task_id=training_model_C, execution_date=20220727T145804, start_date=20220727T150743, end_date=20220727T150744
[2022-07-27 15:07:44,759] {local_task_job.py:156} INFO - Task exited with return code 0
[2022-07-27 15:07:44,993] {dagrun.py:1081} ERROR - Failed to get task '<TaskInstance: dag.training_model_a manual__2022-07-27T14:58:04.465454+00:00 [removed]>' for dag 'dag'. Marking it as removed.
[2022-07-27 15:07:44,996] {dagrun.py:1081} ERROR - Failed to get task '<TaskInstance: dag.training_model_b manual__2022-07-27T14:58:04.465454+00:00 [removed]>' for dag 'dag'. Marking it as removed.
[2022-07-27 15:07:44,998] {dagrun.py:1081} ERROR - Failed to get task '<TaskInstance: dag.training_model_c manual__2022-07-27T14:58:04.465454+00:00 [removed]>' for dag 'dag'. Marking it as removed.
[2022-07-27 15:07:45,058] {local_task_job.py:273} INFO - 0 downstream tasks scheduled from follow-on schedule check
