[2022-07-27 14:58:43,906] {taskinstance.py:1179} INFO - Dependencies all met for <TaskInstance: dag.training_model_c manual__2022-07-27T14:58:04.465454+00:00 [queued]>
[2022-07-27 14:58:43,934] {taskinstance.py:1179} INFO - Dependencies all met for <TaskInstance: dag.training_model_c manual__2022-07-27T14:58:04.465454+00:00 [queued]>
[2022-07-27 14:58:43,935] {taskinstance.py:1376} INFO - 
--------------------------------------------------------------------------------
[2022-07-27 14:58:43,935] {taskinstance.py:1377} INFO - Starting attempt 2 of 2
[2022-07-27 14:58:43,935] {taskinstance.py:1378} INFO - 
--------------------------------------------------------------------------------
[2022-07-27 14:58:43,974] {taskinstance.py:1397} INFO - Executing <Task(PythonOperator): training_model_c> on 2022-07-27 14:58:04.465454+00:00
[2022-07-27 14:58:43,985] {standard_task_runner.py:52} INFO - Started process 1208 to run task
[2022-07-27 14:58:44,002] {standard_task_runner.py:79} INFO - Running: ['***', 'tasks', 'run', 'dag', 'training_model_c', 'manual__2022-07-27T14:58:04.465454+00:00', '--job-id', '25', '--raw', '--subdir', 'DAGS_FOLDER/dag.py', '--cfg-path', '/tmp/tmpai85p_fc', '--error-file', '/tmp/tmp1782t9_6']
[2022-07-27 14:58:44,003] {standard_task_runner.py:80} INFO - Job 25: Subtask training_model_c
[2022-07-27 14:58:44,192] {task_command.py:371} INFO - Running <TaskInstance: dag.training_model_c manual__2022-07-27T14:58:04.465454+00:00 [running]> on host c054a673cb8f
[2022-07-27 14:58:44,426] {taskinstance.py:1591} INFO - Exporting the following env vars:
AIRFLOW_CTX_DAG_OWNER=***
AIRFLOW_CTX_DAG_ID=dag
AIRFLOW_CTX_TASK_ID=training_model_c
AIRFLOW_CTX_EXECUTION_DATE=2022-07-27T14:58:04.465454+00:00
AIRFLOW_CTX_TRY_NUMBER=2
AIRFLOW_CTX_DAG_RUN_ID=manual__2022-07-27T14:58:04.465454+00:00
[2022-07-27 14:58:44,428] {python.py:173} INFO - Done. Returned value was: 6
[2022-07-27 14:58:44,585] {taskinstance.py:1420} INFO - Marking task as SUCCESS. dag_id=dag, task_id=training_model_c, execution_date=20220727T145804, start_date=20220727T145843, end_date=20220727T145844
[2022-07-27 14:58:44,658] {local_task_job.py:156} INFO - Task exited with return code 0
[2022-07-27 14:58:44,902] {local_task_job.py:273} INFO - 1 downstream tasks scheduled from follow-on schedule check
