[2022-07-27 14:59:23,920] {taskinstance.py:1179} INFO - Dependencies all met for <TaskInstance: dag.training_model_c manual__2022-07-27T14:58:04.465454+00:00 [queued]>
[2022-07-27 14:59:23,955] {taskinstance.py:1179} INFO - Dependencies all met for <TaskInstance: dag.training_model_c manual__2022-07-27T14:58:04.465454+00:00 [queued]>
[2022-07-27 14:59:23,955] {taskinstance.py:1376} INFO - 
--------------------------------------------------------------------------------
[2022-07-27 14:59:23,956] {taskinstance.py:1377} INFO - Starting attempt 3 of 3
[2022-07-27 14:59:23,956] {taskinstance.py:1378} INFO - 
--------------------------------------------------------------------------------
[2022-07-27 14:59:24,030] {taskinstance.py:1397} INFO - Executing <Task(PythonOperator): training_model_c> on 2022-07-27 14:58:04.465454+00:00
[2022-07-27 14:59:24,057] {standard_task_runner.py:52} INFO - Started process 1243 to run task
[2022-07-27 14:59:24,072] {standard_task_runner.py:79} INFO - Running: ['***', 'tasks', 'run', 'dag', 'training_model_c', 'manual__2022-07-27T14:58:04.465454+00:00', '--job-id', '28', '--raw', '--subdir', 'DAGS_FOLDER/dag.py', '--cfg-path', '/tmp/tmph0rqf4yz', '--error-file', '/tmp/tmpu1_atb_t']
[2022-07-27 14:59:24,073] {standard_task_runner.py:80} INFO - Job 28: Subtask training_model_c
[2022-07-27 14:59:24,432] {task_command.py:371} INFO - Running <TaskInstance: dag.training_model_c manual__2022-07-27T14:58:04.465454+00:00 [running]> on host c054a673cb8f
[2022-07-27 14:59:25,010] {taskinstance.py:1591} INFO - Exporting the following env vars:
AIRFLOW_CTX_DAG_OWNER=***
AIRFLOW_CTX_DAG_ID=dag
AIRFLOW_CTX_TASK_ID=training_model_c
AIRFLOW_CTX_EXECUTION_DATE=2022-07-27T14:58:04.465454+00:00
AIRFLOW_CTX_TRY_NUMBER=3
AIRFLOW_CTX_DAG_RUN_ID=manual__2022-07-27T14:58:04.465454+00:00
[2022-07-27 14:59:25,021] {python.py:173} INFO - Done. Returned value was: 8
[2022-07-27 14:59:25,219] {taskinstance.py:1420} INFO - Marking task as SUCCESS. dag_id=dag, task_id=training_model_c, execution_date=20220727T145804, start_date=20220727T145923, end_date=20220727T145925
[2022-07-27 14:59:25,292] {local_task_job.py:156} INFO - Task exited with return code 0
[2022-07-27 14:59:25,490] {local_task_job.py:273} INFO - 0 downstream tasks scheduled from follow-on schedule check
