[2022-07-27 15:02:05,833] {taskinstance.py:1179} INFO - Dependencies all met for <TaskInstance: dag.choose_best_model manual__2022-07-27T14:58:04.465454+00:00 [queued]>
[2022-07-27 15:02:05,853] {taskinstance.py:1179} INFO - Dependencies all met for <TaskInstance: dag.choose_best_model manual__2022-07-27T14:58:04.465454+00:00 [queued]>
[2022-07-27 15:02:05,853] {taskinstance.py:1376} INFO - 
--------------------------------------------------------------------------------
[2022-07-27 15:02:05,853] {taskinstance.py:1377} INFO - Starting attempt 4 of 4
[2022-07-27 15:02:05,853] {taskinstance.py:1378} INFO - 
--------------------------------------------------------------------------------
[2022-07-27 15:02:05,881] {taskinstance.py:1397} INFO - Executing <Task(BranchPythonOperator): choose_best_model> on 2022-07-27 14:58:04.465454+00:00
[2022-07-27 15:02:05,891] {standard_task_runner.py:52} INFO - Started process 1363 to run task
[2022-07-27 15:02:05,898] {standard_task_runner.py:79} INFO - Running: ['***', 'tasks', 'run', 'dag', 'choose_best_model', 'manual__2022-07-27T14:58:04.465454+00:00', '--job-id', '35', '--raw', '--subdir', 'DAGS_FOLDER/dag.py', '--cfg-path', '/tmp/tmpdzlum7wo', '--error-file', '/tmp/tmpsixx2tfu']
[2022-07-27 15:02:05,898] {standard_task_runner.py:80} INFO - Job 35: Subtask choose_best_model
[2022-07-27 15:02:06,028] {task_command.py:371} INFO - Running <TaskInstance: dag.choose_best_model manual__2022-07-27T14:58:04.465454+00:00 [running]> on host c054a673cb8f
[2022-07-27 15:02:06,195] {taskinstance.py:1591} INFO - Exporting the following env vars:
AIRFLOW_CTX_DAG_OWNER=***
AIRFLOW_CTX_DAG_ID=dag
AIRFLOW_CTX_TASK_ID=choose_best_model
AIRFLOW_CTX_EXECUTION_DATE=2022-07-27T14:58:04.465454+00:00
AIRFLOW_CTX_TRY_NUMBER=4
AIRFLOW_CTX_DAG_RUN_ID=manual__2022-07-27T14:58:04.465454+00:00
[2022-07-27 15:02:06,219] {python.py:173} INFO - Done. Returned value was: inaccurate
[2022-07-27 15:02:06,219] {skipmixin.py:140} INFO - Following branch inaccurate
[2022-07-27 15:02:06,220] {skipmixin.py:175} INFO - Skipping tasks ['accurate']
[2022-07-27 15:02:06,325] {taskinstance.py:1420} INFO - Marking task as SUCCESS. dag_id=dag, task_id=choose_best_model, execution_date=20220727T145804, start_date=20220727T150205, end_date=20220727T150206
[2022-07-27 15:02:06,395] {local_task_job.py:156} INFO - Task exited with return code 0
[2022-07-27 15:02:06,486] {local_task_job.py:273} INFO - 0 downstream tasks scheduled from follow-on schedule check
