[2022-07-27 15:07:46,523] {taskinstance.py:1179} INFO - Dependencies all met for <TaskInstance: dag.choose_best_model manual__2022-07-27T14:58:04.465454+00:00 [queued]>
[2022-07-27 15:07:46,557] {taskinstance.py:1179} INFO - Dependencies all met for <TaskInstance: dag.choose_best_model manual__2022-07-27T14:58:04.465454+00:00 [queued]>
[2022-07-27 15:07:46,557] {taskinstance.py:1376} INFO - 
--------------------------------------------------------------------------------
[2022-07-27 15:07:46,557] {taskinstance.py:1377} INFO - Starting attempt 8 of 8
[2022-07-27 15:07:46,558] {taskinstance.py:1378} INFO - 
--------------------------------------------------------------------------------
[2022-07-27 15:07:46,590] {taskinstance.py:1397} INFO - Executing <Task(BranchPythonOperator): choose_best_model> on 2022-07-27 14:58:04.465454+00:00
[2022-07-27 15:07:46,601] {standard_task_runner.py:52} INFO - Started process 1652 to run task
[2022-07-27 15:07:46,608] {standard_task_runner.py:79} INFO - Running: ['***', 'tasks', 'run', 'dag', 'choose_best_model', 'manual__2022-07-27T14:58:04.465454+00:00', '--job-id', '54', '--raw', '--subdir', 'DAGS_FOLDER/dag.py', '--cfg-path', '/tmp/tmpe0za7tfm', '--error-file', '/tmp/tmpm6o1spsm']
[2022-07-27 15:07:46,608] {standard_task_runner.py:80} INFO - Job 54: Subtask choose_best_model
[2022-07-27 15:07:46,784] {task_command.py:371} INFO - Running <TaskInstance: dag.choose_best_model manual__2022-07-27T14:58:04.465454+00:00 [running]> on host c054a673cb8f
[2022-07-27 15:07:46,980] {taskinstance.py:1591} INFO - Exporting the following env vars:
AIRFLOW_CTX_DAG_OWNER=***
AIRFLOW_CTX_DAG_ID=dag
AIRFLOW_CTX_TASK_ID=choose_best_model
AIRFLOW_CTX_EXECUTION_DATE=2022-07-27T14:58:04.465454+00:00
AIRFLOW_CTX_TRY_NUMBER=8
AIRFLOW_CTX_DAG_RUN_ID=manual__2022-07-27T14:58:04.465454+00:00
[2022-07-27 15:07:47,008] {python.py:173} INFO - Done. Returned value was: inaccurate
[2022-07-27 15:07:47,009] {skipmixin.py:140} INFO - Following branch inaccurate
[2022-07-27 15:07:47,012] {skipmixin.py:175} INFO - Skipping tasks ['accurate']
[2022-07-27 15:07:47,155] {taskinstance.py:1420} INFO - Marking task as SUCCESS. dag_id=dag, task_id=choose_best_model, execution_date=20220727T145804, start_date=20220727T150746, end_date=20220727T150747
[2022-07-27 15:07:47,226] {local_task_job.py:156} INFO - Task exited with return code 0
[2022-07-27 15:07:47,345] {local_task_job.py:273} INFO - 1 downstream tasks scheduled from follow-on schedule check
