[2022-07-27 15:02:19,920] {taskinstance.py:1179} INFO - Dependencies all met for <TaskInstance: dag.choose_best_model manual__2022-07-27T14:58:04.465454+00:00 [queued]>
[2022-07-27 15:02:19,942] {taskinstance.py:1179} INFO - Dependencies all met for <TaskInstance: dag.choose_best_model manual__2022-07-27T14:58:04.465454+00:00 [queued]>
[2022-07-27 15:02:19,942] {taskinstance.py:1376} INFO - 
--------------------------------------------------------------------------------
[2022-07-27 15:02:19,942] {taskinstance.py:1377} INFO - Starting attempt 5 of 5
[2022-07-27 15:02:19,942] {taskinstance.py:1378} INFO - 
--------------------------------------------------------------------------------
[2022-07-27 15:02:19,970] {taskinstance.py:1397} INFO - Executing <Task(BranchPythonOperator): choose_best_model> on 2022-07-27 14:58:04.465454+00:00
[2022-07-27 15:02:19,980] {standard_task_runner.py:52} INFO - Started process 1383 to run task
[2022-07-27 15:02:19,986] {standard_task_runner.py:79} INFO - Running: ['***', 'tasks', 'run', 'dag', 'choose_best_model', 'manual__2022-07-27T14:58:04.465454+00:00', '--job-id', '40', '--raw', '--subdir', 'DAGS_FOLDER/dag.py', '--cfg-path', '/tmp/tmpa_743ig6', '--error-file', '/tmp/tmpmavjiux1']
[2022-07-27 15:02:19,987] {standard_task_runner.py:80} INFO - Job 40: Subtask choose_best_model
[2022-07-27 15:02:20,112] {task_command.py:371} INFO - Running <TaskInstance: dag.choose_best_model manual__2022-07-27T14:58:04.465454+00:00 [running]> on host c054a673cb8f
[2022-07-27 15:02:20,266] {taskinstance.py:1591} INFO - Exporting the following env vars:
AIRFLOW_CTX_DAG_OWNER=***
AIRFLOW_CTX_DAG_ID=dag
AIRFLOW_CTX_TASK_ID=choose_best_model
AIRFLOW_CTX_EXECUTION_DATE=2022-07-27T14:58:04.465454+00:00
AIRFLOW_CTX_TRY_NUMBER=5
AIRFLOW_CTX_DAG_RUN_ID=manual__2022-07-27T14:58:04.465454+00:00
[2022-07-27 15:02:20,289] {python.py:173} INFO - Done. Returned value was: accurate
[2022-07-27 15:02:20,289] {skipmixin.py:140} INFO - Following branch accurate
[2022-07-27 15:02:20,290] {skipmixin.py:175} INFO - Skipping tasks ['inaccurate']
[2022-07-27 15:02:20,388] {taskinstance.py:1420} INFO - Marking task as SUCCESS. dag_id=dag, task_id=choose_best_model, execution_date=20220727T145804, start_date=20220727T150219, end_date=20220727T150220
[2022-07-27 15:02:20,438] {local_task_job.py:156} INFO - Task exited with return code 0
[2022-07-27 15:02:20,535] {local_task_job.py:273} INFO - 1 downstream tasks scheduled from follow-on schedule check
